<?xml version="1.0" encoding="UTF-8"?>
<!-- Generated by org.testng.reporters.JUnitReportReporter -->
<testsuite hostname="Rohits-MacBook-Air.local" failures="0" tests="1" name="api.Test.UserPOST" time="3.362" errors="0" timestamp="2024-12-14T21:46:38 IST" skipped="0">
  <testcase classname="api.Test.UserPOST" name="UserIsCreated" time="3.362"/>
</testsuite> <!-- api.Test.UserPOST -->
