<?xml version="1.0" encoding="UTF-8"?>
<!-- Generated by org.testng.reporters.JUnitReportReporter -->
<testsuite hostname="Rohits-MacBook-Air.local" failures="0" tests="1" name="api.Test.UserPUT" time="3.023" errors="0" timestamp="2024-12-14T21:46:38 IST" skipped="0">
  <testcase classname="api.Test.UserPUT" name="UpdatedUser" time="3.023"/>
</testsuite> <!-- api.Test.UserPUT -->
